Arguments: 
  C:\Program Files\nodejs\node.exe C:\Users\tomas\AppData\Roaming\npm\node_modules\yarn\bin\yarn.js init

PATH: 
  C:\Desarrollo\Cmder\vendor\bin;C:\Desarrollo\Cmder\vendor\conemu-maximus5\ConEmu\Scripts;C:\Desarrollo\Cmder\vendor\conemu-maximus5;C:\Desarrollo\Cmder\vendor\conemu-maximus5\ConEmu;C:\Program Files (x86)\Common Files\Oracle\Java\javapath;C:\Windows\system32;C:\Windows;C:\Windows\System32\Wbem;C:\Windows\System32\WindowsPowerShell\v1.0\;C:\Windows\System32\OpenSSH\;C:\Program Files (x86)\NVIDIA Corporation\PhysX\Common;C:\Program Files\NVIDIA Corporation\NVIDIA NvDLISR;C:\Program Files\nodejs\;C:\Program Files\Git\cmd;C:\Program Files\dotnet\;C:\Program Files\Calibre2\;C:\WINDOWS\system32;C:\WINDOWS;C:\WINDOWS\System32\Wbem;C:\WINDOWS\System32\WindowsPowerShell\v1.0\;C:\WINDOWS\System32\OpenSSH\;C:\Program Files\Docker\Docker\resources\bin;C:\ProgramData\DockerDesktop\version-bin;C:\Users\tomas\AppData\Local\Microsoft\WindowsApps;C:\Users\tomas\AppData\Local\Programs\Microsoft VS Code\bin;C:\Users\tomas\AppData\Roaming\npm;C:\Users\tomas\.dotnet\tools;C:\Desarrollo\Web\Flutter\flutter\bin;C:\Users\tomas\AppData\Local\Android\Sdk\platform-tools;C:\Program Files\Git\mingw64\bin;C:\Program Files\Git\usr\bin;C:\Desarrollo\Cmder

Yarn version: 
  1.22.10

Node version: 
  14.6.0

Platform: 
  win32 x64

Trace: 
  Error: canceled
      at Interface.<anonymous> (C:\Users\tomas\AppData\Roaming\npm\node_modules\yarn\lib\cli.js:136216:13)
      at Interface.emit (events.js:314:20)
      at Interface._ttyWrite (readline.js:875:16)
      at ReadStream.onkeypress (readline.js:213:10)
      at ReadStream.emit (events.js:314:20)
      at emitKeys (internal/readline/utils.js:335:14)
      at emitKeys.next (<anonymous>)
      at ReadStream.onData (readline.js:1144:36)
      at ReadStream.emit (events.js:314:20)
      at addChunk (_stream_readable.js:303:12)

npm manifest: 
  No manifest

yarn manifest: 
  No manifest

Lockfile: 
  No lockfile
